[INFO] Scanning for projects...
[INFO] 
[INFO] -------------------------< com.saas:Schedulo >--------------------------
[INFO] Building Schedulo 0.0.1-SNAPSHOT
[INFO]   from pom.xml
[INFO] --------------------------------[ jar ]---------------------------------
[INFO] 
[INFO] --- clean:3.3.2:clean (default-clean) @ Schedulo ---
[INFO] Deleting C:\Users\Nims-Creation\Downloads\Schedulo\Schedulo\target
[INFO] 
[INFO] --- resources:3.3.1:resources (default-resources) @ Schedulo ---
[INFO] Copying 1 resource from src\main\resources to target\classes
[INFO] Copying 0 resource from src\main\resources to target\classes
[INFO] 
[INFO] --- compiler:3.11.0:compile (default-compile) @ Schedulo ---
[INFO] Changes detected - recompiling the module! :source
[INFO] Compiling 168 source files with javac [debug release 21] to target\classes
[WARNING] /C:/Users/Nims-Creation/Downloads/Schedulo/Schedulo/src/main/java/com/saas/Schedulo/entity/calendar/EventReminder.java:[28,21] @Builder will ignore the initializing expression entirely. If you want the initializing expression to serve as default, add @Builder.Default. If it is not supposed to be settable during building, make the field final.
[WARNING] /C:/Users/Nims-Creation/Downloads/Schedulo/Schedulo/src/main/java/com/saas/Schedulo/entity/organization/Organization.java:[53,20] @Builder will ignore the initializing expression entirely. If you want the initializing expression to serve as default, add @Builder.Default. If it is not supposed to be settable during building, make the field final.
[WARNING] /C:/Users/Nims-Creation/Downloads/Schedulo/Schedulo/src/main/java/com/saas/Schedulo/entity/organization/Organization.java:[56,20] @Builder will ignore the initializing expression entirely. If you want the initializing expression to serve as default, add @Builder.Default. If it is not supposed to be settable during building, make the field final.
[WARNING] /C:/Users/Nims-Creation/Downloads/Schedulo/Schedulo/src/main/java/com/saas/Schedulo/entity/organization/Organization.java:[59,20] @Builder will ignore the initializing expression entirely. If you want the initializing expression to serve as default, add @Builder.Default. If it is not supposed to be settable during building, make the field final.
[WARNING] /C:/Users/Nims-Creation/Downloads/Schedulo/Schedulo/src/main/java/com/saas/Schedulo/entity/organization/Organization.java:[62,20] @Builder will ignore the initializing expression entirely. If you want the initializing expression to serve as default, add @Builder.Default. If it is not supposed to be settable during building, make the field final.
[WARNING] /C:/Users/Nims-Creation/Downloads/Schedulo/Schedulo/src/main/java/com/saas/Schedulo/entity/organization/Organization.java:[65,21] @Builder will ignore the initializing expression entirely. If you want the initializing expression to serve as default, add @Builder.Default. If it is not supposed to be settable during building, make the field final.
[WARNING] /C:/Users/Nims-Creation/Downloads/Schedulo/Schedulo/src/main/java/com/saas/Schedulo/entity/organization/Organization.java:[83,21] @Builder will ignore the initializing expression entirely. If you want the initializing expression to serve as default, add @Builder.Default. If it is not supposed to be settable during building, make the field final.
[WARNING] /C:/Users/Nims-Creation/Downloads/Schedulo/Schedulo/src/main/java/com/saas/Schedulo/entity/organization/Organization.java:[86,21] @Builder will ignore the initializing expression entirely. If you want the initializing expression to serve as default, add @Builder.Default. If it is not supposed to be settable during building, make the field final.
[WARNING] /C:/Users/Nims-Creation/Downloads/Schedulo/Schedulo/src/main/java/com/saas/Schedulo/dto/request/timetable/RecurringPatternRequest.java:[22,21] @Builder will ignore the initializing expression entirely. If you want the initializing expression to serve as default, add @Builder.Default. If it is not supposed to be settable during building, make the field final.
[WARNING] /C:/Users/Nims-Creation/Downloads/Schedulo/Schedulo/src/main/java/com/saas/Schedulo/entity/user/Role.java:[26,21] @Builder will ignore the initializing expression entirely. If you want the initializing expression to serve as default, add @Builder.Default. If it is not supposed to be settable during building, make the field final.
[WARNING] /C:/Users/Nims-Creation/Downloads/Schedulo/Schedulo/src/main/java/com/saas/Schedulo/entity/timetable/TimeSlot.java:[40,22] @Builder will ignore the initializing expression entirely. If you want the initializing expression to serve as default, add @Builder.Default. If it is not supposed to be settable during building, make the field final.
[WARNING] /C:/Users/Nims-Creation/Downloads/Schedulo/Schedulo/src/main/java/com/saas/Schedulo/entity/timetable/TimeSlot.java:[43,21] @Builder will ignore the initializing expression entirely. If you want the initializing expression to serve as default, add @Builder.Default. If it is not supposed to be settable during building, make the field final.
[WARNING] /C:/Users/Nims-Creation/Downloads/Schedulo/Schedulo/src/main/java/com/saas/Schedulo/entity/timetable/TimeSlot.java:[49,21] @Builder will ignore the initializing expression entirely. If you want the initializing expression to serve as default, add @Builder.Default. If it is not supposed to be settable during building, make the field final.
[WARNING] /C:/Users/Nims-Creation/Downloads/Schedulo/Schedulo/src/main/java/com/saas/Schedulo/entity/timetable/ScheduleEntry.java:[78,25] @Builder will ignore the initializing expression entirely. If you want the initializing expression to serve as default, add @Builder.Default. If it is not supposed to be settable during building, make the field final.
[WARNING] /C:/Users/Nims-Creation/Downloads/Schedulo/Schedulo/src/main/java/com/saas/Schedulo/entity/timetable/ScheduleEntry.java:[84,21] @Builder will ignore the initializing expression entirely. If you want the initializing expression to serve as default, add @Builder.Default. If it is not supposed to be settable during building, make the field final.
[WARNING] /C:/Users/Nims-Creation/Downloads/Schedulo/Schedulo/src/main/java/com/saas/Schedulo/dto/response/auth/AuthResponse.java:[16,20] @Builder will ignore the initializing expression entirely. If you want the initializing expression to serve as default, add @Builder.Default. If it is not supposed to be settable during building, make the field final.
[WARNING] /C:/Users/Nims-Creation/Downloads/Schedulo/Schedulo/src/main/java/com/saas/Schedulo/entity/subscription/Subscription.java:[33,32] @Builder will ignore the initializing expression entirely. If you want the initializing expression to serve as default, add @Builder.Default. If it is not supposed to be settable during building, make the field final.
[WARNING] /C:/Users/Nims-Creation/Downloads/Schedulo/Schedulo/src/main/java/com/saas/Schedulo/entity/subscription/Subscription.java:[52,21] @Builder will ignore the initializing expression entirely. If you want the initializing expression to serve as default, add @Builder.Default. If it is not supposed to be settable during building, make the field final.
[WARNING] /C:/Users/Nims-Creation/Downloads/Schedulo/Schedulo/src/main/java/com/saas/Schedulo/entity/subscription/Subscription.java:[58,20] @Builder will ignore the initializing expression entirely. If you want the initializing expression to serve as default, add @Builder.Default. If it is not supposed to be settable during building, make the field final.
[WARNING] /C:/Users/Nims-Creation/Downloads/Schedulo/Schedulo/src/main/java/com/saas/Schedulo/entity/subscription/Subscription.java:[73,21] @Builder will ignore the initializing expression entirely. If you want the initializing expression to serve as default, add @Builder.Default. If it is not supposed to be settable during building, make the field final.
[WARNING] /C:/Users/Nims-Creation/Downloads/Schedulo/Schedulo/src/main/java/com/saas/Schedulo/entity/calendar/CalendarEvent.java:[50,21] @Builder will ignore the initializing expression entirely. If you want the initializing expression to serve as default, add @Builder.Default. If it is not supposed to be settable during building, make the field final.
[WARNING] /C:/Users/Nims-Creation/Downloads/Schedulo/Schedulo/src/main/java/com/saas/Schedulo/entity/calendar/CalendarEvent.java:[64,29] @Builder will ignore the initializing expression entirely. If you want the initializing expression to serve as default, add @Builder.Default. If it is not supposed to be settable during building, make the field final.
[WARNING] /C:/Users/Nims-Creation/Downloads/Schedulo/Schedulo/src/main/java/com/saas/Schedulo/entity/calendar/CalendarEvent.java:[83,21] @Builder will ignore the initializing expression entirely. If you want the initializing expression to serve as default, add @Builder.Default. If it is not supposed to be settable during building, make the field final.
[WARNING] /C:/Users/Nims-Creation/Downloads/Schedulo/Schedulo/src/main/java/com/saas/Schedulo/entity/calendar/CalendarEvent.java:[91,25] @Builder will ignore the initializing expression entirely. If you want the initializing expression to serve as default, add @Builder.Default. If it is not supposed to be settable during building, make the field final.
[WARNING] /C:/Users/Nims-Creation/Downloads/Schedulo/Schedulo/src/main/java/com/saas/Schedulo/entity/calendar/Holiday.java:[40,21] @Builder will ignore the initializing expression entirely. If you want the initializing expression to serve as default, add @Builder.Default. If it is not supposed to be settable during building, make the field final.
[WARNING] /C:/Users/Nims-Creation/Downloads/Schedulo/Schedulo/src/main/java/com/saas/Schedulo/entity/calendar/Holiday.java:[43,21] @Builder will ignore the initializing expression entirely. If you want the initializing expression to serve as default, add @Builder.Default. If it is not supposed to be settable during building, make the field final.
[WARNING] /C:/Users/Nims-Creation/Downloads/Schedulo/Schedulo/src/main/java/com/saas/Schedulo/dto/request/payment/AddPaymentMethodRequest.java:[17,21] @Builder will ignore the initializing expression entirely. If you want the initializing expression to serve as default, add @Builder.Default. If it is not supposed to be settable during building, make the field final.
[WARNING] /C:/Users/Nims-Creation/Downloads/Schedulo/Schedulo/src/main/java/com/saas/Schedulo/entity/payment/Payment.java:[37,20] @Builder will ignore the initializing expression entirely. If you want the initializing expression to serve as default, add @Builder.Default. If it is not supposed to be settable during building, make the field final.
[WARNING] /C:/Users/Nims-Creation/Downloads/Schedulo/Schedulo/src/main/java/com/saas/Schedulo/entity/payment/Payment.java:[41,27] @Builder will ignore the initializing expression entirely. If you want the initializing expression to serve as default, add @Builder.Default. If it is not supposed to be settable during building, make the field final.
[WARNING] /C:/Users/Nims-Creation/Downloads/Schedulo/Schedulo/src/main/java/com/saas/Schedulo/entity/subscription/PlanFeature.java:[30,21] @Builder will ignore the initializing expression entirely. If you want the initializing expression to serve as default, add @Builder.Default. If it is not supposed to be settable during building, make the field final.
[WARNING] /C:/Users/Nims-Creation/Downloads/Schedulo/Schedulo/src/main/java/com/saas/Schedulo/entity/subscription/PlanFeature.java:[36,21] @Builder will ignore the initializing expression entirely. If you want the initializing expression to serve as default, add @Builder.Default. If it is not supposed to be settable during building, make the field final.
[WARNING] /C:/Users/Nims-Creation/Downloads/Schedulo/Schedulo/src/main/java/com/saas/Schedulo/entity/payment/PaymentMethod.java:[49,21] @Builder will ignore the initializing expression entirely. If you want the initializing expression to serve as default, add @Builder.Default. If it is not supposed to be settable during building, make the field final.
[WARNING] /C:/Users/Nims-Creation/Downloads/Schedulo/Schedulo/src/main/java/com/saas/Schedulo/entity/user/RefreshToken.java:[37,21] @Builder will ignore the initializing expression entirely. If you want the initializing expression to serve as default, add @Builder.Default. If it is not supposed to be settable during building, make the field final.
[WARNING] /C:/Users/Nims-Creation/Downloads/Schedulo/Schedulo/src/main/java/com/saas/Schedulo/entity/payment/Invoice.java:[47,20] @Builder will ignore the initializing expression entirely. If you want the initializing expression to serve as default, add @Builder.Default. If it is not supposed to be settable during building, make the field final.
[WARNING] /C:/Users/Nims-Creation/Downloads/Schedulo/Schedulo/src/main/java/com/saas/Schedulo/entity/payment/Invoice.java:[51,27] @Builder will ignore the initializing expression entirely. If you want the initializing expression to serve as default, add @Builder.Default. If it is not supposed to be settable during building, make the field final.
[WARNING] /C:/Users/Nims-Creation/Downloads/Schedulo/Schedulo/src/main/java/com/saas/Schedulo/dto/request/auth/LoginRequest.java:[20,21] @Builder will ignore the initializing expression entirely. If you want the initializing expression to serve as default, add @Builder.Default. If it is not supposed to be settable during building, make the field final.
[WARNING] /C:/Users/Nims-Creation/Downloads/Schedulo/Schedulo/src/main/java/com/saas/Schedulo/dto/request/payment/CreateSubscriptionRequest.java:[22,21] @Builder will ignore the initializing expression entirely. If you want the initializing expression to serve as default, add @Builder.Default. If it is not supposed to be settable during building, make the field final.
[WARNING] /C:/Users/Nims-Creation/Downloads/Schedulo/Schedulo/src/main/java/com/saas/Schedulo/dto/request/timetable/CreateTimetableRequest.java:[40,21] @Builder will ignore the initializing expression entirely. If you want the initializing expression to serve as default, add @Builder.Default. If it is not supposed to be settable during building, make the field final.
[WARNING] /C:/Users/Nims-Creation/Downloads/Schedulo/Schedulo/src/main/java/com/saas/Schedulo/entity/timetable/Timetable.java:[47,29] @Builder will ignore the initializing expression entirely. If you want the initializing expression to serve as default, add @Builder.Default. If it is not supposed to be settable during building, make the field final.
[WARNING] /C:/Users/Nims-Creation/Downloads/Schedulo/Schedulo/src/main/java/com/saas/Schedulo/entity/timetable/Timetable.java:[62,21] @Builder will ignore the initializing expression entirely. If you want the initializing expression to serve as default, add @Builder.Default. If it is not supposed to be settable during building, make the field final.
[WARNING] /C:/Users/Nims-Creation/Downloads/Schedulo/Schedulo/src/main/java/com/saas/Schedulo/dto/request/timetable/CreateScheduleEntryRequest.java:[48,21] @Builder will ignore the initializing expression entirely. If you want the initializing expression to serve as default, add @Builder.Default. If it is not supposed to be settable during building, make the field final.
[WARNING] /C:/Users/Nims-Creation/Downloads/Schedulo/Schedulo/src/main/java/com/saas/Schedulo/entity/user/User.java:[44,20] @Builder will ignore the initializing expression entirely. If you want the initializing expression to serve as default, add @Builder.Default. If it is not supposed to be settable during building, make the field final.
[WARNING] /C:/Users/Nims-Creation/Downloads/Schedulo/Schedulo/src/main/java/com/saas/Schedulo/entity/user/User.java:[47,20] @Builder will ignore the initializing expression entirely. If you want the initializing expression to serve as default, add @Builder.Default. If it is not supposed to be settable during building, make the field final.
[WARNING] /C:/Users/Nims-Creation/Downloads/Schedulo/Schedulo/src/main/java/com/saas/Schedulo/entity/user/User.java:[51,26] @Builder will ignore the initializing expression entirely. If you want the initializing expression to serve as default, add @Builder.Default. If it is not supposed to be settable during building, make the field final.
[WARNING] /C:/Users/Nims-Creation/Downloads/Schedulo/Schedulo/src/main/java/com/saas/Schedulo/entity/user/User.java:[57,21] @Builder will ignore the initializing expression entirely. If you want the initializing expression to serve as default, add @Builder.Default. If it is not supposed to be settable during building, make the field final.
[WARNING] /C:/Users/Nims-Creation/Downloads/Schedulo/Schedulo/src/main/java/com/saas/Schedulo/entity/user/User.java:[72,21] @Builder will ignore the initializing expression entirely. If you want the initializing expression to serve as default, add @Builder.Default. If it is not supposed to be settable during building, make the field final.
[WARNING] /C:/Users/Nims-Creation/Downloads/Schedulo/Schedulo/src/main/java/com/saas/Schedulo/entity/user/User.java:[91,21] @Builder will ignore the initializing expression entirely. If you want the initializing expression to serve as default, add @Builder.Default. If it is not supposed to be settable during building, make the field final.
[WARNING] /C:/Users/Nims-Creation/Downloads/Schedulo/Schedulo/src/main/java/com/saas/Schedulo/entity/subscription/SubscriptionPlan.java:[39,20] @Builder will ignore the initializing expression entirely. If you want the initializing expression to serve as default, add @Builder.Default. If it is not supposed to be settable during building, make the field final.
[WARNING] /C:/Users/Nims-Creation/Downloads/Schedulo/Schedulo/src/main/java/com/saas/Schedulo/entity/subscription/SubscriptionPlan.java:[58,21] @Builder will ignore the initializing expression entirely. If you want the initializing expression to serve as default, add @Builder.Default. If it is not supposed to be settable during building, make the field final.
[WARNING] /C:/Users/Nims-Creation/Downloads/Schedulo/Schedulo/src/main/java/com/saas/Schedulo/entity/subscription/SubscriptionPlan.java:[65,21] @Builder will ignore the initializing expression entirely. If you want the initializing expression to serve as default, add @Builder.Default. If it is not supposed to be settable during building, make the field final.
[WARNING] /C:/Users/Nims-Creation/Downloads/Schedulo/Schedulo/src/main/java/com/saas/Schedulo/entity/subscription/SubscriptionPlan.java:[68,21] @Builder will ignore the initializing expression entirely. If you want the initializing expression to serve as default, add @Builder.Default. If it is not supposed to be settable during building, make the field final.
[WARNING] /C:/Users/Nims-Creation/Downloads/Schedulo/Schedulo/src/main/java/com/saas/Schedulo/entity/timetable/RecurringPattern.java:[25,21] @Builder will ignore the initializing expression entirely. If you want the initializing expression to serve as default, add @Builder.Default. If it is not supposed to be settable during building, make the field final.
[WARNING] /C:/Users/Nims-Creation/Downloads/Schedulo/Schedulo/src/main/java/com/saas/Schedulo/dto/request/timetable/TimeSlotRequest.java:[29,21] @Builder will ignore the initializing expression entirely. If you want the initializing expression to serve as default, add @Builder.Default. If it is not supposed to be settable during building, make the field final.
[WARNING] /C:/Users/Nims-Creation/Downloads/Schedulo/Schedulo/src/main/java/com/saas/Schedulo/entity/organization/Department.java:[50,21] @Builder will ignore the initializing expression entirely. If you want the initializing expression to serve as default, add @Builder.Default. If it is not supposed to be settable during building, make the field final.
[WARNING] /C:/Users/Nims-Creation/Downloads/Schedulo/Schedulo/src/main/java/com/saas/Schedulo/dto/request/calendar/CreateEventRequest.java:[29,21] @Builder will ignore the initializing expression entirely. If you want the initializing expression to serve as default, add @Builder.Default. If it is not supposed to be settable during building, make the field final.
[WARNING] /C:/Users/Nims-Creation/Downloads/Schedulo/Schedulo/src/main/java/com/saas/Schedulo/dto/request/calendar/CreateEventRequest.java:[34,20] @Builder will ignore the initializing expression entirely. If you want the initializing expression to serve as default, add @Builder.Default. If it is not supposed to be settable during building, make the field final.
[WARNING] /C:/Users/Nims-Creation/Downloads/Schedulo/Schedulo/src/main/java/com/saas/Schedulo/dto/request/calendar/CreateEventRequest.java:[37,21] @Builder will ignore the initializing expression entirely. If you want the initializing expression to serve as default, add @Builder.Default. If it is not supposed to be settable during building, make the field final.
[WARNING] /C:/Users/Nims-Creation/Downloads/Schedulo/Schedulo/src/main/java/com/saas/Schedulo/entity/timetable/Resource.java:[53,21] @Builder will ignore the initializing expression entirely. If you want the initializing expression to serve as default, add @Builder.Default. If it is not supposed to be settable during building, make the field final.
[WARNING] /C:/Users/Nims-Creation/Downloads/Schedulo/Schedulo/src/main/java/com/saas/Schedulo/entity/timetable/Resource.java:[56,21] @Builder will ignore the initializing expression entirely. If you want the initializing expression to serve as default, add @Builder.Default. If it is not supposed to be settable during building, make the field final.
[WARNING] /C:/Users/Nims-Creation/Downloads/Schedulo/Schedulo/src/main/java/com/saas/Schedulo/dto/request/timetable/BulkScheduleRequest.java:[27,21] @Builder will ignore the initializing expression entirely. If you want the initializing expression to serve as default, add @Builder.Default. If it is not supposed to be settable during building, make the field final.
[WARNING] /C:/Users/Nims-Creation/Downloads/Schedulo/Schedulo/src/main/java/com/saas/Schedulo/dto/request/timetable/BulkScheduleRequest.java:[28,21] @Builder will ignore the initializing expression entirely. If you want the initializing expression to serve as default, add @Builder.Default. If it is not supposed to be settable during building, make the field final.
[WARNING] /C:/Users/Nims-Creation/Downloads/Schedulo/Schedulo/src/main/java/com/saas/Schedulo/dto/response/auth/TokenRefreshResponse.java:[15,20] @Builder will ignore the initializing expression entirely. If you want the initializing expression to serve as default, add @Builder.Default. If it is not supposed to be settable during building, make the field final.
[INFO] /C:/Users/Nims-Creation/Downloads/Schedulo/Schedulo/src/main/java/com/saas/Schedulo/websocket/ScheduleUpdateHandler.java: Some input files use unchecked or unsafe operations.
[INFO] /C:/Users/Nims-Creation/Downloads/Schedulo/Schedulo/src/main/java/com/saas/Schedulo/websocket/ScheduleUpdateHandler.java: Recompile with -Xlint:unchecked for details.
[INFO] ------------------------------------------------------------------------
[INFO] BUILD SUCCESS
[INFO] ------------------------------------------------------------------------
[INFO] Total time:  21.456 s
[INFO] Finished at: 2026-03-26T22:53:40+05:30
[INFO] ------------------------------------------------------------------------
